<?xml version="1.0" encoding="UTF-8"?>
<testng-results ignored="0" total="1" passed="1" failed="0" skipped="0">
  <reporter-output>
  </reporter-output>
  <suite started-at="2023-03-15T17:44:26 IST" name="Default suite" finished-at="2023-03-15T17:44:31 IST" duration-ms="4376">
    <groups>
    </groups>
    <test started-at="2023-03-15T17:44:26 IST" name="Default test" finished-at="2023-03-15T17:44:31 IST" duration-ms="4376">
      <class name="gaurav.First">
        <test-method signature="checkGET()[pri:0, instance:gaurav.First@39529185]" started-at="2023-03-15T17:44:26 IST" name="checkGET" finished-at="2023-03-15T17:44:31 IST" duration-ms="4291" status="PASS">
          <reporter-output>
          </reporter-output>
        </test-method> <!-- checkGET -->
      </class> <!-- gaurav.First -->
    </test> <!-- Default test -->
  </suite> <!-- Default suite -->
</testng-results>
